Traceback (most recent call last):
  File "/opt/hostedtoolcache/Python/3.10.4/x64/lib/python3.10/site-packages/jupyter_cache/executors/utils.py", line 51, in single_nb_execution
    executenb(
  File "/opt/hostedtoolcache/Python/3.10.4/x64/lib/python3.10/site-packages/nbclient/client.py", line 1204, in execute
    return NotebookClient(nb=nb, resources=resources, km=km, **kwargs).execute()
  File "/opt/hostedtoolcache/Python/3.10.4/x64/lib/python3.10/site-packages/nbclient/util.py", line 84, in wrapped
    return just_run(coro(*args, **kwargs))
  File "/opt/hostedtoolcache/Python/3.10.4/x64/lib/python3.10/site-packages/nbclient/util.py", line 62, in just_run
    return loop.run_until_complete(coro)
  File "/opt/hostedtoolcache/Python/3.10.4/x64/lib/python3.10/asyncio/base_events.py", line 646, in run_until_complete
    return future.result()
  File "/opt/hostedtoolcache/Python/3.10.4/x64/lib/python3.10/site-packages/nbclient/client.py", line 663, in async_execute
    await self.async_execute_cell(
  File "/opt/hostedtoolcache/Python/3.10.4/x64/lib/python3.10/site-packages/nbclient/client.py", line 965, in async_execute_cell
    await self._check_raise_for_error(cell, cell_index, exec_reply)
  File "/opt/hostedtoolcache/Python/3.10.4/x64/lib/python3.10/site-packages/nbclient/client.py", line 862, in _check_raise_for_error
    raise CellExecutionError.from_cell_and_msg(cell, exec_reply_content)
nbclient.exceptions.CellExecutionError: An error occurred while executing the following cell:
------------------
age = 'Ten'
def is_teen(age,teen_bounds = (11,18)): 
    assert str(age).isnumeric(), 'age needs to be a number'
    return teen_bounds[0] < age < teen_bounds[1]
is_teen(age)
------------------

[0;31m---------------------------------------------------------------------------[0m
[0;31mAssertionError[0m                            Traceback (most recent call last)
Input [0;32mIn [20][0m, in [0;36m<cell line: 5>[0;34m()[0m
[1;32m      3[0m     [38;5;28;01massert[39;00m [38;5;28mstr[39m(age)[38;5;241m.[39misnumeric(), [38;5;124m'[39m[38;5;124mage needs to be a number[39m[38;5;124m'[39m
[1;32m      4[0m     [38;5;28;01mreturn[39;00m teen_bounds[[38;5;241m0[39m] [38;5;241m<[39m age [38;5;241m<[39m teen_bounds[[38;5;241m1[39m]
[0;32m----> 5[0m [43mis_teen[49m[43m([49m[43mage[49m[43m)[49m

Input [0;32mIn [20][0m, in [0;36mis_teen[0;34m(age, teen_bounds)[0m
[1;32m      2[0m [38;5;28;01mdef[39;00m [38;5;21mis_teen[39m(age,teen_bounds [38;5;241m=[39m ([38;5;241m11[39m,[38;5;241m18[39m)): 
[0;32m----> 3[0m     [38;5;28;01massert[39;00m [38;5;28mstr[39m(age)[38;5;241m.[39misnumeric(), [38;5;124m'[39m[38;5;124mage needs to be a number[39m[38;5;124m'[39m
[1;32m      4[0m     [38;5;28;01mreturn[39;00m teen_bounds[[38;5;241m0[39m] [38;5;241m<[39m age [38;5;241m<[39m teen_bounds[[38;5;241m1[39m]

[0;31mAssertionError[0m: age needs to be a number
AssertionError: age needs to be a number

